[2026-01-28T10:33:50.111Z] INFO: AD Sync Scheduler started with schedule: 0 23 * * *
[2026-01-28T10:33:56.995Z] INFO: AD Sync Scheduler started with schedule: 0 23 * * *
[2026-01-28T10:37:18.252Z] INFO: AD Sync Scheduler started with schedule: 0 23 * * *
[2026-01-28T10:42:09.941Z] INFO: AD Sync Scheduler started with schedule: 0 23 * * *
[2026-01-28T10:49:39.915Z] INFO: AD Sync Scheduler started with schedule: 0 23 * * *
[2026-01-28T10:49:45.088Z] INFO: Starting scheduled AD synchronization...
[2026-01-28T10:49:45.089Z] INFO: AD Sync operation started
[2026-01-28T10:49:45.106Z] ERROR: AD Sync operation failed: fetch failed
[2026-01-28T10:49:45.107Z] WARN: AD Sync attempt 1/3 failed: fetch failed
[2026-01-28T10:49:50.122Z] INFO: AD Sync operation started
[2026-01-28T10:49:50.124Z] ERROR: AD Sync operation failed: fetch failed
[2026-01-28T10:49:50.125Z] WARN: AD Sync attempt 2/3 failed: fetch failed
[2026-01-28T10:49:55.136Z] INFO: AD Sync operation started
[2026-01-28T10:49:55.140Z] ERROR: AD Sync operation failed: fetch failed
[2026-01-28T10:49:55.141Z] WARN: AD Sync attempt 3/3 failed: fetch failed
[2026-01-28T10:49:55.141Z] ERROR: AD Sync failed after 3 attempts: fetch failed
[2026-01-28T10:53:22.467Z] INFO: AD Sync Scheduler started with schedule: 0 23 * * *
[2026-01-28T10:53:27.936Z] INFO: Starting scheduled AD synchronization...
[2026-01-28T10:53:27.937Z] INFO: AD Sync operation started
[2026-01-28T10:53:29.351Z] INFO: AD Sync completed successfully. Updated: 0, Skipped: 106, Failed: 10
[2026-01-28T10:53:29.351Z] INFO: AD Sync completed successfully in 1415ms
[2026-01-28T18:00:00.270Z] INFO: Starting scheduled AD synchronization...
[2026-01-28T18:00:00.274Z] INFO: AD Sync operation started
[2026-01-28T18:00:01.571Z] INFO: AD Sync completed successfully. Updated: 0, Skipped: 106, Failed: 10
[2026-01-28T18:00:01.571Z] INFO: AD Sync completed successfully in 1302ms
[2026-01-29T07:32:02.904Z] INFO: Starting scheduled AD synchronization...
[2026-01-29T07:32:02.905Z] INFO: AD Sync operation started
[2026-01-29T07:32:04.231Z] INFO: AD Sync completed successfully. Updated: 0, Skipped: 106, Failed: 10
[2026-01-29T07:32:04.232Z] INFO: AD Sync completed successfully in 1329ms
[2026-01-29T18:00:00.804Z] INFO: Starting scheduled AD synchronization...
[2026-01-29T18:00:00.806Z] INFO: AD Sync operation started
[2026-01-29T18:00:02.274Z] INFO: AD Sync completed successfully. Updated: 0, Skipped: 106, Failed: 10
[2026-01-29T18:00:02.275Z] INFO: AD Sync completed successfully in 1471ms
[2026-01-30T18:00:00.051Z] INFO: Starting scheduled AD synchronization...
[2026-01-30T18:00:00.051Z] INFO: AD Sync operation started
[2026-01-30T18:00:01.385Z] INFO: AD Sync completed successfully. Updated: 0, Skipped: 106, Failed: 10
[2026-01-30T18:00:01.385Z] INFO: AD Sync completed successfully in 1334ms
[2026-01-31T18:00:00.189Z] INFO: Starting scheduled AD synchronization...
[2026-01-31T18:00:00.198Z] INFO: AD Sync operation started
[2026-01-31T18:00:01.614Z] INFO: AD Sync completed successfully. Updated: 0, Skipped: 106, Failed: 10
[2026-01-31T18:00:01.614Z] INFO: AD Sync completed successfully in 1432ms
[2026-02-01T18:00:00.682Z] INFO: Starting scheduled AD synchronization...
[2026-02-01T18:00:00.698Z] INFO: AD Sync operation started
[2026-02-01T18:00:02.565Z] INFO: AD Sync completed successfully. Updated: 0, Skipped: 106, Failed: 10
[2026-02-01T18:00:02.565Z] INFO: AD Sync completed successfully in 1888ms
[2026-02-02T04:57:29.749Z] INFO: AD Sync Scheduler started with schedule: 0 23 * * *
[2026-02-02T04:59:53.936Z] INFO: AD Sync Scheduler started with schedule: 0 23 * * *
[2026-02-02T05:00:24.155Z] INFO: Starting scheduled AD synchronization...
[2026-02-02T05:00:24.156Z] INFO: AD Sync operation started
[2026-02-02T05:00:25.528Z] INFO: AD Sync completed successfully. Updated: 0, Skipped: 106, Failed: 10
[2026-02-02T05:00:25.529Z] INFO: AD Sync completed successfully in 1374ms
[2026-02-02T06:12:00.529Z] INFO: AD Sync Scheduler started with schedule: 0 23 * * *
[2026-02-02T06:15:15.298Z] INFO: AD Sync Scheduler started with schedule: 0 23 * * *
[2026-02-02T18:00:00.275Z] INFO: Starting scheduled AD synchronization...
[2026-02-02T18:00:00.278Z] INFO: AD Sync operation started
[2026-02-02T18:00:01.948Z] INFO: AD Sync completed successfully. Updated: 0, Skipped: 106, Failed: 10
[2026-02-02T18:00:01.948Z] INFO: AD Sync completed successfully in 1675ms
[2026-02-03T06:52:49.677Z] INFO: AD Sync Scheduler started with schedule: 0 23 * * *
[2026-02-03T07:06:38.096Z] INFO: AD Sync Scheduler started with schedule: 0 23 * * *
[2026-02-03T07:30:59.761Z] INFO: Starting scheduled AD synchronization...
[2026-02-03T07:30:59.763Z] INFO: AD Sync operation started
[2026-02-03T07:30:59.884Z] INFO: AD Sync completed successfully. Updated: 0, Skipped: 8, Failed: 0
[2026-02-03T07:30:59.884Z] INFO: AD Sync completed successfully in 123ms
[2026-02-03T08:24:29.674Z] INFO: AD Sync Scheduler started with schedule: 0 23 * * *
[2026-02-03T08:28:33.306Z] INFO: AD Sync Scheduler started with schedule: 0 23 * * *
[2026-02-03T10:48:05.074Z] INFO: AD Sync Scheduler started with schedule: 0 23 * * *
[2026-02-03T11:08:07.819Z] INFO: AD Sync Scheduler started with schedule: 0 23 * * *
[2026-02-03T11:11:22.602Z] INFO: AD Sync Scheduler started with schedule: 0 23 * * *
[2026-02-03T18:00:00.917Z] INFO: Starting scheduled AD synchronization...
[2026-02-03T18:00:00.923Z] INFO: AD Sync operation started
[2026-02-03T18:00:01.240Z] INFO: AD Sync completed successfully. Updated: 0, Skipped: 19, Failed: 1
[2026-02-03T18:00:01.240Z] INFO: AD Sync completed successfully in 323ms
[2026-02-04T05:07:05.602Z] INFO: AD Sync Scheduler started with schedule: 0 23 * * *
[2026-02-04T18:00:00.587Z] INFO: Starting scheduled AD synchronization...
[2026-02-04T18:00:00.588Z] INFO: AD Sync operation started
[2026-02-04T18:00:02.867Z] INFO: AD Sync completed successfully. Updated: 0, Skipped: 185, Failed: 26
[2026-02-04T18:00:02.867Z] INFO: AD Sync completed successfully in 2280ms
[2026-02-05T05:45:04.538Z] INFO: AD Sync Scheduler started with schedule: 0 23 * * *
[2026-02-05T05:50:50.624Z] INFO: AD Sync Scheduler started with schedule: 0 23 * * *
[2026-02-05T08:54:31.470Z] INFO: AD Sync Scheduler started with schedule: 0 23 * * *
[2026-02-05T10:15:08.327Z] INFO: AD Sync Scheduler started with schedule: 0 23 * * *
[2026-02-05T10:46:19.197Z] INFO: AD Sync Scheduler started with schedule: 0 23 * * *
[2026-02-05T11:14:41.006Z] INFO: AD Sync Scheduler started with schedule: 0 23 * * *
[2026-02-06T03:47:14.334Z] INFO: AD Sync Scheduler started with schedule: 0 23 * * *
[2026-02-06T04:09:53.817Z] INFO: AD Sync Scheduler started with schedule: 0 23 * * *
[2026-02-06T04:21:13.636Z] INFO: AD Sync Scheduler started with schedule: 0 23 * * *
[2026-02-06T06:19:39.978Z] INFO: AD Sync Scheduler started with schedule: 0 23 * * *
[2026-02-06T06:34:56.053Z] INFO: AD Sync Scheduler started with schedule: 0 23 * * *
[2026-02-06T06:37:14.214Z] INFO: AD Sync Scheduler started with schedule: 0 23 * * *
[2026-02-06T06:39:13.830Z] INFO: AD Sync Scheduler started with schedule: 0 23 * * *
[2026-02-06T06:40:08.445Z] INFO: AD Sync Scheduler started with schedule: 0 23 * * *
[2026-02-06T18:00:00.219Z] INFO: Starting scheduled AD synchronization...
[2026-02-06T18:00:00.226Z] INFO: AD Sync operation started
[2026-02-06T18:00:02.267Z] INFO: AD Sync completed successfully. Updated: 0, Skipped: 185, Failed: 26
[2026-02-06T18:00:02.267Z] INFO: AD Sync completed successfully in 2049ms
[2026-02-09T18:00:00.092Z] INFO: Starting scheduled AD synchronization...
[2026-02-09T18:00:00.094Z] INFO: AD Sync operation started
[2026-02-09T18:00:01.904Z] INFO: AD Sync completed successfully. Updated: 0, Skipped: 185, Failed: 26
[2026-02-09T18:00:01.905Z] INFO: AD Sync completed successfully in 1813ms
[2026-02-10T18:00:00.443Z] INFO: Starting scheduled AD synchronization...
[2026-02-10T18:00:00.445Z] INFO: AD Sync operation started
[2026-02-10T18:00:02.387Z] INFO: AD Sync completed successfully. Updated: 0, Skipped: 185, Failed: 26
[2026-02-10T18:00:02.388Z] INFO: AD Sync completed successfully in 1946ms
[2026-02-12T04:10:44.338Z] INFO: AD Sync Scheduler started with schedule: 0 23 * * *
[2026-02-12T04:57:17.181Z] INFO: AD Sync Scheduler started with schedule: 0 23 * * *
[2026-02-12T06:09:06.785Z] INFO: AD Sync Scheduler started with schedule: 0 23 * * *
[2026-02-12T06:12:54.089Z] INFO: AD Sync Scheduler started with schedule: 0 23 * * *
[2026-02-12T06:42:55.085Z] INFO: AD Sync Scheduler started with schedule: 0 23 * * *
[2026-02-12T06:48:15.791Z] INFO: AD Sync Scheduler started with schedule: 0 23 * * *
[2026-02-12T06:51:39.499Z] INFO: AD Sync Scheduler started with schedule: 0 23 * * *
[2026-02-12T07:34:22.634Z] INFO: AD Sync Scheduler started with schedule: 0 23 * * *
[2026-02-12T08:06:45.288Z] INFO: AD Sync Scheduler started with schedule: 0 23 * * *
[2026-02-12T08:10:48.429Z] INFO: AD Sync Scheduler started with schedule: 0 23 * * *
[2026-02-12T08:12:22.402Z] INFO: AD Sync Scheduler started with schedule: 0 23 * * *
[2026-02-12T08:24:20.077Z] INFO: AD Sync Scheduler started with schedule: 0 23 * * *
[2026-02-12T08:31:57.771Z] INFO: AD Sync Scheduler started with schedule: 0 23 * * *
[2026-02-12T08:44:40.977Z] INFO: AD Sync Scheduler started with schedule: 0 23 * * *
[2026-02-12T10:04:23.685Z] INFO: AD Sync Scheduler started with schedule: 0 23 * * *
[2026-02-12T18:00:00.989Z] INFO: Starting scheduled AD synchronization...
[2026-02-12T18:00:00.993Z] INFO: AD Sync operation started
[2026-02-12T18:00:03.290Z] INFO: AD Sync completed successfully. Updated: 0, Skipped: 214, Failed: 26
[2026-02-12T18:00:03.291Z] INFO: AD Sync completed successfully in 2302ms
[2026-02-13T04:48:52.810Z] INFO: AD Sync Scheduler started with schedule: 0 23 * * *
[2026-02-13T05:01:34.803Z] INFO: AD Sync Scheduler started with schedule: 0 23 * * *
[2026-02-13T05:14:46.594Z] INFO: AD Sync Scheduler started with schedule: 0 23 * * *
[2026-02-13T05:43:43.754Z] INFO: AD Sync Scheduler started with schedule: 0 23 * * *
[2026-02-13T08:35:35.744Z] INFO: AD Sync Scheduler started with schedule: 0 23 * * *
[2026-02-13T09:52:56.804Z] INFO: AD Sync Scheduler started with schedule: 0 23 * * *
[2026-02-13T09:53:57.544Z] INFO: AD Sync Scheduler started with schedule: 0 23 * * *
[2026-02-13T18:00:00.743Z] INFO: Starting scheduled AD synchronization...
[2026-02-13T18:00:00.747Z] INFO: AD Sync operation started
[2026-02-13T18:00:03.103Z] INFO: AD Sync completed successfully. Updated: 0, Skipped: 214, Failed: 31
[2026-02-13T18:00:03.104Z] INFO: AD Sync completed successfully in 2361ms
[2026-02-14T18:00:00.402Z] INFO: Starting scheduled AD synchronization...
[2026-02-14T18:00:00.404Z] INFO: AD Sync operation started
[2026-02-14T18:00:02.591Z] INFO: AD Sync completed successfully. Updated: 0, Skipped: 214, Failed: 31
[2026-02-14T18:00:02.591Z] INFO: AD Sync completed successfully in 2189ms
[2026-02-15T18:00:00.749Z] INFO: Starting scheduled AD synchronization...
[2026-02-15T18:00:00.754Z] INFO: AD Sync operation started
[2026-02-15T18:00:02.931Z] INFO: AD Sync completed successfully. Updated: 0, Skipped: 214, Failed: 31
[2026-02-15T18:00:02.931Z] INFO: AD Sync completed successfully in 2182ms
[2026-02-16T09:34:43.176Z] INFO: AD Sync Scheduler started with schedule: 0 23 * * *
[2026-02-18T08:40:28.867Z] INFO: AD Sync Scheduler started with schedule: 0 23 * * *
[2026-02-18T08:52:02.588Z] INFO: AD Sync Scheduler started with schedule: 0 23 * * *
[2026-02-18T08:53:45.104Z] INFO: AD Sync Scheduler started with schedule: 0 23 * * *
[2026-02-18T10:25:55.426Z] INFO: AD Sync Scheduler started with schedule: 0 23 * * *
[2026-02-18T10:37:03.803Z] INFO: AD Sync Scheduler started with schedule: 0 23 * * *
[2026-02-18T18:00:00.956Z] INFO: Starting scheduled AD synchronization...
[2026-02-18T18:00:00.958Z] INFO: AD Sync operation started
[2026-02-18T18:00:04.420Z] INFO: AD Sync completed successfully. Updated: 0, Skipped: 214, Failed: 31
[2026-02-18T18:00:04.420Z] INFO: AD Sync completed successfully in 3464ms
[2026-02-19T07:44:57.446Z] INFO: AD Sync Scheduler started with schedule: 0 23 * * *
[2026-02-19T10:27:05.535Z] INFO: AD Sync Scheduler started with schedule: 0 23 * * *
[2026-02-19T10:34:08.119Z] INFO: AD Sync Scheduler started with schedule: 0 23 * * *
[2026-02-20T07:35:11.462Z] INFO: AD Sync Scheduler started with schedule: 0 23 * * *
[2026-02-20T07:35:54.857Z] INFO: AD Sync Scheduler started with schedule: 0 23 * * *
[2026-02-20T07:46:45.967Z] INFO: AD Sync Scheduler started with schedule: 0 23 * * *
[2026-02-20T09:04:09.354Z] INFO: AD Sync Scheduler started with schedule: 0 23 * * *
[2026-02-20T09:05:57.384Z] INFO: AD Sync Scheduler started with schedule: 0 23 * * *
[2026-02-20T10:34:14.123Z] INFO: AD Sync Scheduler started with schedule: 0 23 * * *
[2026-02-23T11:11:46.671Z] INFO: AD Sync Scheduler started with schedule: 0 23 * * *
[2026-02-24T02:28:53.239Z] INFO: AD Sync Scheduler started with schedule: 0 23 * * *
[2026-02-24T03:49:40.114Z] INFO: AD Sync Scheduler started with schedule: 0 23 * * *
[2026-02-24T03:49:52.120Z] INFO: AD Sync Scheduler started with schedule: 0 23 * * *
[2026-02-24T03:50:15.081Z] INFO: AD Sync Scheduler started with schedule: 0 23 * * *
[2026-02-24T03:50:57.909Z] INFO: AD Sync Scheduler started with schedule: 0 23 * * *
[2026-02-24T03:53:43.358Z] INFO: AD Sync Scheduler started with schedule: 0 23 * * *
[2026-02-24T03:54:01.394Z] INFO: AD Sync Scheduler started with schedule: 0 23 * * *
[2026-02-24T03:54:16.373Z] INFO: AD Sync Scheduler started with schedule: 0 23 * * *
[2026-02-24T03:54:27.397Z] INFO: AD Sync Scheduler started with schedule: 0 23 * * *
[2026-02-24T04:26:36.277Z] INFO: AD Sync Scheduler started with schedule: 0 23 * * *
[2026-02-24T08:40:35.767Z] INFO: AD Sync Scheduler started with schedule: 0 23 * * *
[2026-02-24T18:00:00.166Z] INFO: Starting scheduled AD synchronization...
[2026-02-24T18:00:00.168Z] INFO: AD Sync operation started
[2026-02-24T18:00:00.222Z] INFO: AD Sync completed successfully. Updated: 0, Skipped: 0, Failed: 1
[2026-02-24T18:00:00.223Z] INFO: AD Sync completed successfully in 57ms
[2026-02-25T06:36:36.716Z] INFO: AD Sync Scheduler started with schedule: 0 23 * * *
[2026-02-25T07:24:44.641Z] INFO: AD Sync Scheduler started with schedule: 0 23 * * *
[2026-02-25T09:34:18.715Z] INFO: AD Sync Scheduler started with schedule: 0 23 * * *
[2026-02-25T09:56:09.096Z] INFO: AD Sync Scheduler started with schedule: 0 23 * * *
[2026-02-25T10:10:47.765Z] INFO: AD Sync Scheduler started with schedule: 0 23 * * *
